Scheduletype,Particles,SimulationTime,Threads,ExecutionTime(ms)
Running task3 with 104 particles,  sec simulation, 1 threads...
static,104,150,1,4946.33
Completed in 4946.33 ms using 1 threads (static scheduling)
Running task3 with 104 particles,  sec simulation, 2 threads...
static,104,150,2,2748.62
Completed in 2748.62 ms using 2 threads (static scheduling)
Running task3 with 104 particles,  sec simulation, 4 threads...
static,104,150,4,1695.41
Completed in 1695.41 ms using 4 threads (static scheduling)
Running task3 with 104 particles,  sec simulation, 5 threads...
static,104,150,5,1890.02
Completed in 1890.02 ms using 5 threads (static scheduling)
Running task3 with 104 particles,  sec simulation, 6 threads...
static,104,150,6,1752.49
Completed in 1752.49 ms using 6 threads (static scheduling)
Running task3 with 104 particles,  sec simulation, 8 threads...
static,104,150,8,1422.17
Completed in 1422.17 ms using 8 threads (static scheduling)
Running task3 with 104 particles,  sec simulation, 1 threads...
guided,104,150,1,4943.63
Completed in 4943.63 ms using 1 threads (guided scheduling)
Running task3 with 104 particles,  sec simulation, 2 threads...
guided,104,150,2,2737.72
Completed in 2737.72 ms using 2 threads (guided scheduling)
Running task3 with 104 particles,  sec simulation, 4 threads...
guided,104,150,4,1742.82
Completed in 1742.82 ms using 4 threads (guided scheduling)
Running task3 with 104 particles,  sec simulation, 5 threads...
guided,104,150,5,1896.48
Completed in 1896.48 ms using 5 threads (guided scheduling)
Running task3 with 104 particles,  sec simulation, 6 threads...
guided,104,150,6,1704.46
Completed in 1704.46 ms using 6 threads (guided scheduling)
Running task3 with 104 particles,  sec simulation, 8 threads...
guided,104,150,8,1572.34
Completed in 1572.34 ms using 8 threads (guided scheduling)
Running task3 with 104 particles,  sec simulation, 1 threads...
dynamic,104,150,1,4968.67
Completed in 4968.67 ms using 1 threads (dynamic scheduling)
Running task3 with 104 particles,  sec simulation, 2 threads...
dynamic,104,150,2,4241.65
Completed in 4241.65 ms using 2 threads (dynamic scheduling)
Running task3 with 104 particles,  sec simulation, 4 threads...
dynamic,104,150,4,3573.73
Completed in 3573.73 ms using 4 threads (dynamic scheduling)
Running task3 with 104 particles,  sec simulation, 5 threads...
dynamic,104,150,5,3192.54
Completed in 3192.54 ms using 5 threads (dynamic scheduling)
Running task3 with 104 particles,  sec simulation, 6 threads...
dynamic,104,150,6,3045.4
Completed in 3045.4 ms using 6 threads (dynamic scheduling)
Running task3 with 104 particles,  sec simulation, 8 threads...
dynamic,104,150,8,2620.12
Completed in 2620.12 ms using 8 threads (dynamic scheduling)
Job Completed! Results saved to task3_out
